Refreshing org.springframework.context.annotation.AnnotationConfigApplicationContext@68d279ec: startup date [Sun Nov 19 17:28:31 CST 2017]; root of context hierarchy
HV000001: Hibernate Validator 5.3.5.Final
JSR-330 'javax.inject.Inject' annotation found and supported for autowiring
Bean 'configurationPropertiesRebinderAutoConfiguration' of type [org.springframework.cloud.autoconfigure.ConfigurationPropertiesRebinderAutoConfiguration$$EnhancerBySpringCGLIB$$eb2f8bfe] is not eligible for getting processed by all BeanPostProcessors (for example: not eligible for auto-proxying)
No active profile set, falling back to default profiles: default
Refreshing org.springframework.boot.context.embedded.AnnotationConfigEmbeddedWebApplicationContext@4351171a: startup date [Sun Nov 19 17:28:32 CST 2017]; parent: org.springframework.context.annotation.AnnotationConfigApplicationContext@68d279ec
Cannot enhance @Configuration bean definition 'refreshScope' since its singleton instance has been created too early. The typical cause is a non-static @Bean method with a BeanDefinitionRegistryPostProcessor return type: Consider declaring such methods as 'static'.
BeanFactory id=f03e22e4-23ca-3405-90b1-5c75f13d52bd
JSR-330 'javax.inject.Inject' annotation found and supported for autowiring
Bean 'org.springframework.cloud.autoconfigure.ConfigurationPropertiesRebinderAutoConfiguration' of type [org.springframework.cloud.autoconfigure.ConfigurationPropertiesRebinderAutoConfiguration$$EnhancerBySpringCGLIB$$eb2f8bfe] is not eligible for getting processed by all BeanPostProcessors (for example: not eligible for auto-proxying)
Bean 'org.springframework.security.config.annotation.configuration.ObjectPostProcessorConfiguration' of type [org.springframework.security.config.annotation.configuration.ObjectPostProcessorConfiguration$$EnhancerBySpringCGLIB$$67c3513b] is not eligible for getting processed by all BeanPostProcessors (for example: not eligible for auto-proxying)
Bean 'objectPostProcessor' of type [org.springframework.security.config.annotation.configuration.AutowireBeanFactoryObjectPostProcessor] is not eligible for getting processed by all BeanPostProcessors (for example: not eligible for auto-proxying)
Bean 'org.springframework.security.access.expression.method.DefaultMethodSecurityExpressionHandler@292158f8' of type [org.springframework.security.access.expression.method.DefaultMethodSecurityExpressionHandler] is not eligible for getting processed by all BeanPostProcessors (for example: not eligible for auto-proxying)
Bean 'org.springframework.security.config.annotation.method.configuration.GlobalMethodSecurityConfiguration' of type [org.springframework.security.config.annotation.method.configuration.GlobalMethodSecurityConfiguration$$EnhancerBySpringCGLIB$$8c97f3ed] is not eligible for getting processed by all BeanPostProcessors (for example: not eligible for auto-proxying)
Bean 'methodSecurityMetadataSource' of type [org.springframework.security.access.method.DelegatingMethodSecurityMetadataSource] is not eligible for getting processed by all BeanPostProcessors (for example: not eligible for auto-proxying)
Tomcat initialized with port(s): 8088 (http)
Starting service [Tomcat]
Starting Servlet Engine: Apache Tomcat/8.5.16
Initializing Spring embedded WebApplicationContext
Root WebApplicationContext: initialization completed in 1279 ms
Mapping filter: 'characterEncodingFilter' to: [/*]
Mapping filter: 'springSecurityFilterChain' to: [/*]
Mapping servlet: 'dispatcherServlet' to [/]
Mapped "{[/main]}" onto public org.springframework.web.servlet.ModelAndView com.scbrl.controller.IndexController.main(javax.servlet.http.HttpServletRequest)
Mapped "{[/message]}" onto public org.springframework.web.servlet.ModelAndView com.scbrl.controller.IndexController.message()
Mapped "{[/identify]}" onto public org.springframework.web.servlet.ModelAndView com.scbrl.controller.IndexController.identify()
Mapped "{[/smsinfo]}" onto public org.springframework.web.servlet.ModelAndView com.scbrl.controller.IndexController.smsinfo()
Mapped "{[/home]}" onto public org.springframework.web.servlet.ModelAndView com.scbrl.controller.IndexController.home()
Mapped "{[/login]}" onto public org.springframework.web.servlet.ModelAndView com.scbrl.controller.IndexController.login(javax.servlet.http.HttpServletRequest)
Mapped "{[/logout]}" onto public org.springframework.web.servlet.ModelAndView com.scbrl.controller.IndexController.loginOut(javax.servlet.http.HttpServletRequest)
Mapped "{[/userinfo]}" onto public org.springframework.web.servlet.ModelAndView com.scbrl.controller.IndexController.userinfo()
Mapped "{[/]}" onto public org.springframework.web.servlet.ModelAndView com.scbrl.controller.TestController.index(javax.servlet.http.HttpServletRequest,javax.servlet.http.HttpServletResponse)
Mapped "{[/add]}" onto public org.springframework.web.servlet.ModelAndView com.scbrl.controller.TestController.add(javax.servlet.http.HttpServletRequest,javax.servlet.http.HttpServletResponse)
Mapped "{[/error]}" onto public org.springframework.http.ResponseEntity<java.util.Map<java.lang.String, java.lang.Object>> org.springframework.boot.autoconfigure.web.BasicErrorController.error(javax.servlet.http.HttpServletRequest)
Mapped "{[/error],produces=[text/html]}" onto public org.springframework.web.servlet.ModelAndView org.springframework.boot.autoconfigure.web.BasicErrorController.errorHtml(javax.servlet.http.HttpServletRequest,javax.servlet.http.HttpServletResponse)
Mapped URL path [/static/**] onto handler of type [class org.springframework.web.servlet.resource.ResourceHttpRequestHandler]
Looking for @ControllerAdvice: org.springframework.boot.context.embedded.AnnotationConfigEmbeddedWebApplicationContext@4351171a: startup date [Sun Nov 19 17:28:32 CST 2017]; parent: org.springframework.context.annotation.AnnotationConfigApplicationContext@68d279ec
Creating filter chain: Ant [pattern='/static/**'], []
Creating filter chain: Ant [pattern='/templates/**'], []
Creating filter chain: Ant [pattern='/loginOut'], []
Creating filter chain: Ant [pattern='/'], []
Creating filter chain: org.springframework.security.web.util.matcher.AnyRequestMatcher@1, [org.springframework.security.web.context.request.async.WebAsyncManagerIntegrationFilter@7730ef88, org.springframework.security.web.context.SecurityContextPersistenceFilter@18dd5ed3, org.springframework.security.web.header.HeaderWriterFilter@576b7c74, org.springframework.security.web.authentication.logout.LogoutFilter@7bbfc5ff, org.springframework.security.web.authentication.UsernamePasswordAuthenticationFilter@64bebd55, org.springframework.security.web.session.ConcurrentSessionFilter@3ab35b9c, org.springframework.security.web.savedrequest.RequestCacheAwareFilter@24043ec5, org.springframework.security.web.servletapi.SecurityContextHolderAwareRequestFilter@38f981b6, org.springframework.security.web.authentication.AnonymousAuthenticationFilter@66f5a02e, org.springframework.security.web.session.SessionManagementFilter@73894c5a, org.springframework.security.web.access.ExceptionTranslationFilter@21ae657b, org.springframework.security.web.access.intercept.FilterSecurityInterceptor@6f6efa4f]
ClassTemplateLoader for Spring macros added to FreeMarker configuration
No URLs will be polled as dynamic configuration sources.
To enable URLs as dynamic configuration sources, define System property archaius.configurationSource.additionalUrls or make config.properties available on classpath.
No URLs will be polled as dynamic configuration sources.
To enable URLs as dynamic configuration sources, define System property archaius.configurationSource.additionalUrls or make config.properties available on classpath.
Registering beans for JMX exposure on startup
Bean with name 'refreshScope' has been autodetected for JMX exposure
Bean with name 'environmentManager' has been autodetected for JMX exposure
Bean with name 'configurationPropertiesRebinder' has been autodetected for JMX exposure
Located managed bean 'environmentManager': registering with JMX server as MBean [org.springframework.cloud.context.environment:name=environmentManager,type=EnvironmentManager]
Located managed bean 'refreshScope': registering with JMX server as MBean [org.springframework.cloud.context.scope.refresh:name=refreshScope,type=RefreshScope]
Located managed bean 'configurationPropertiesRebinder': registering with JMX server as MBean [org.springframework.cloud.context.properties:name=configurationPropertiesRebinder,context=4351171a,type=ConfigurationPropertiesRebinder]
Starting beans in phase 0
Setting initial instance status as: STARTING
Using JSON encoding codec LegacyJacksonJson
Using JSON decoding codec LegacyJacksonJson
Using XML encoding codec XStreamXml
Using XML decoding codec XStreamXml
Resolving eureka endpoints via configuration
Disable delta property : false
Single vip registry refresh property : null
Force full registry fetch : false
Application is null : false
Registered Applications size is zero : true
Application version is -1: true
Getting all instance registry info from the eureka server
The response status is 200
Starting heartbeat executor: renew interval is: 30
InstanceInfoReplicator onDemand update allowed rate per min is 4
Discovery Client initialized at timestamp 1511083716868 with initial instances count: 2
Registering application scweb-service with eureka with status UP
Saw local status change event StatusChangeEvent [timestamp=1511083716916, current=UP, previous=STARTING]
DiscoveryClient_SCWEB-SERVICE/192.168.11.114:scweb-service:8088: registering service...
Initializing ProtocolHandler ["http-nio-8088"]
Starting ProtocolHandler ["http-nio-8088"]
DiscoveryClient_SCWEB-SERVICE/192.168.11.114:scweb-service:8088 - registration status: 204
Using a shared selector for servlet write/read
Tomcat started on port(s): 8088 (http)
Updating port to 8088
Started ScbrlWebApplication in 5.843 seconds (JVM running for 6.769)
[------------------- >>> SpringBootApplication Main Start In ScbrlApplication <<< -------------------]
Initializing Spring FrameworkServlet 'dispatcherServlet'
FrameworkServlet 'dispatcherServlet': initialization started
FrameworkServlet 'dispatcherServlet': initialization completed in 18 ms
>>>>>>>>>>>>>>>>>>>>: null
>>>>>>>>>>>>>>>>>>>>: null
Refreshing org.springframework.context.annotation.AnnotationConfigApplicationContext@2b8ad4a3: startup date [Sun Nov 19 17:28:57 CST 2017]; parent: org.springframework.boot.context.embedded.AnnotationConfigEmbeddedWebApplicationContext@4351171a
JSR-330 'javax.inject.Inject' annotation found and supported for autowiring
Flipping property: provider-service.ribbon.ActiveConnectionsLimit to use NEXT property: niws.loadbalancer.availabilityFilteringRule.activeConnectionsLimit = 2147483647
Shutdown hook installed for: NFLoadBalancer-PingTimer-provider-service
Client:provider-service instantiated a LoadBalancer:DynamicServerListLoadBalancer:{NFLoadBalancer:name=provider-service,current list of Servers=[],Load balancer stats=Zone stats: {},Server stats: []}ServerList:null
Using serverListUpdater PollingServerListUpdater
Flipping property: provider-service.ribbon.ActiveConnectionsLimit to use NEXT property: niws.loadbalancer.availabilityFilteringRule.activeConnectionsLimit = 2147483647
DynamicServerListLoadBalancer for client provider-service initialized: DynamicServerListLoadBalancer:{NFLoadBalancer:name=provider-service,current list of Servers=[192.168.11.114:8013, 192.168.11.114:8012],Load balancer stats=Zone stats: {defaultzone=[Zone:defaultzone;	Instance count:2;	Active connections count: 0;	Circuit breaker tripped count: 0;	Active connections per server: 0.0;]
},Server stats: [[Server:192.168.11.114:8013;	Zone:defaultZone;	Total Requests:0;	Successive connection failure:0;	Total blackout seconds:0;	Last connection made:Thu Jan 01 08:00:00 CST 1970;	First connection made: Thu Jan 01 08:00:00 CST 1970;	Active Connections:0;	total failure count in last (1000) msecs:0;	average resp time:0.0;	90 percentile resp time:0.0;	95 percentile resp time:0.0;	min resp time:0.0;	max resp time:0.0;	stddev resp time:0.0]
, [Server:192.168.11.114:8012;	Zone:defaultZone;	Total Requests:0;	Successive connection failure:0;	Total blackout seconds:0;	Last connection made:Thu Jan 01 08:00:00 CST 1970;	First connection made: Thu Jan 01 08:00:00 CST 1970;	Active Connections:0;	total failure count in last (1000) msecs:0;	average resp time:0.0;	90 percentile resp time:0.0;	95 percentile resp time:0.0;	min resp time:0.0;	max resp time:0.0;	stddev resp time:0.0]
]}ServerList:org.springframework.cloud.netflix.ribbon.eureka.DomainExtractingServerList@24188583
登录成功！！
Flipping property: provider-service.ribbon.ActiveConnectionsLimit to use NEXT property: niws.loadbalancer.availabilityFilteringRule.activeConnectionsLimit = 2147483647
No mapping found for HTTP request with URI [/img/leftimg.png] in DispatcherServlet with name 'dispatcherServlet'
No mapping found for HTTP request with URI [/img/leftimg.png] in DispatcherServlet with name 'dispatcherServlet'
No mapping found for HTTP request with URI [/img/leftimg.png] in DispatcherServlet with name 'dispatcherServlet'
No mapping found for HTTP request with URI [/img/leftimg.png] in DispatcherServlet with name 'dispatcherServlet'
No mapping found for HTTP request with URI [/img/leftimg.png] in DispatcherServlet with name 'dispatcherServlet'
Resolving eureka endpoints via configuration
Resolving eureka endpoints via configuration
Resolving eureka endpoints via configuration
Closing org.springframework.boot.context.embedded.AnnotationConfigEmbeddedWebApplicationContext@4351171a: startup date [Sun Nov 19 17:28:32 CST 2017]; parent: org.springframework.context.annotation.AnnotationConfigApplicationContext@68d279ec
Shutting down the Executor Pool for PollingServerListUpdater
Unregistering application scweb-service with eureka with status DOWN
Saw local status change event StatusChangeEvent [timestamp=1511084644864, current=DOWN, previous=UP]
DiscoveryClient_SCWEB-SERVICE/192.168.11.114:scweb-service:8088: registering service...
Shutting down DiscoveryClient ...
Unregistering ...
DiscoveryClient_SCWEB-SERVICE/192.168.11.114:scweb-service:8088 - registration status: 204
DiscoveryClient_SCWEB-SERVICE/192.168.11.114:scweb-service:8088 - deregister  status: 200
Completed shut down of DiscoveryClient
Stopping beans in phase 0
Closing org.springframework.context.annotation.AnnotationConfigApplicationContext@2b8ad4a3: startup date [Sun Nov 19 17:28:57 CST 2017]; parent: org.springframework.boot.context.embedded.AnnotationConfigEmbeddedWebApplicationContext@4351171a
Unregistering application scweb-service with eureka with status DOWN
Shutdown hook removed for: NFLoadBalancer-PingTimer-provider-service
Exception caught (might be ok if at shutdown)
java.lang.IllegalStateException: Shutdown in progress
	at java.lang.ApplicationShutdownHooks.remove(ApplicationShutdownHooks.java:82)
	at java.lang.Runtime.removeShutdownHook(Runtime.java:239)
	at com.netflix.util.concurrent.ShutdownEnabledTimer.cancel(ShutdownEnabledTimer.java:70)
	at com.netflix.loadbalancer.BaseLoadBalancer.cancelPingTask(BaseLoadBalancer.java:614)
	at com.netflix.loadbalancer.BaseLoadBalancer.shutdown(BaseLoadBalancer.java:886)
	at com.netflix.loadbalancer.DynamicServerListLoadBalancer.shutdown(DynamicServerListLoadBalancer.java:274)
	at sun.reflect.NativeMethodAccessorImpl.invoke0(Native Method)
	at sun.reflect.NativeMethodAccessorImpl.invoke(NativeMethodAccessorImpl.java:62)
	at sun.reflect.DelegatingMethodAccessorImpl.invoke(DelegatingMethodAccessorImpl.java:43)
	at java.lang.reflect.Method.invoke(Method.java:497)
	at org.springframework.beans.factory.support.DisposableBeanAdapter.invokeCustomDestroyMethod(DisposableBeanAdapter.java:364)
	at org.springframework.beans.factory.support.DisposableBeanAdapter.destroy(DisposableBeanAdapter.java:287)
	at org.springframework.beans.factory.support.DefaultSingletonBeanRegistry.destroyBean(DefaultSingletonBeanRegistry.java:578)
	at org.springframework.beans.factory.support.DefaultSingletonBeanRegistry.destroySingleton(DefaultSingletonBeanRegistry.java:554)
	at org.springframework.beans.factory.support.DefaultListableBeanFactory.destroySingleton(DefaultListableBeanFactory.java:961)
	at org.springframework.beans.factory.support.DefaultSingletonBeanRegistry.destroySingletons(DefaultSingletonBeanRegistry.java:523)
	at org.springframework.beans.factory.support.FactoryBeanRegistrySupport.destroySingletons(FactoryBeanRegistrySupport.java:230)
	at org.springframework.beans.factory.support.DefaultListableBeanFactory.destroySingletons(DefaultListableBeanFactory.java:968)
	at org.springframework.context.support.AbstractApplicationContext.destroyBeans(AbstractApplicationContext.java:1030)
	at org.springframework.context.support.AbstractApplicationContext.doClose(AbstractApplicationContext.java:1006)
	at org.springframework.context.support.AbstractApplicationContext.close(AbstractApplicationContext.java:958)
	at org.springframework.cloud.context.named.NamedContextFactory.destroy(NamedContextFactory.java:70)
	at org.springframework.beans.factory.support.DisposableBeanAdapter.destroy(DisposableBeanAdapter.java:272)
	at org.springframework.beans.factory.support.DefaultSingletonBeanRegistry.destroyBean(DefaultSingletonBeanRegistry.java:578)
	at org.springframework.beans.factory.support.DefaultSingletonBeanRegistry.destroySingleton(DefaultSingletonBeanRegistry.java:554)
	at org.springframework.beans.factory.support.DefaultListableBeanFactory.destroySingleton(DefaultListableBeanFactory.java:961)
	at org.springframework.beans.factory.support.DefaultSingletonBeanRegistry.destroySingletons(DefaultSingletonBeanRegistry.java:523)
	at org.springframework.beans.factory.support.FactoryBeanRegistrySupport.destroySingletons(FactoryBeanRegistrySupport.java:230)
	at org.springframework.beans.factory.support.DefaultListableBeanFactory.destroySingletons(DefaultListableBeanFactory.java:968)
	at org.springframework.context.support.AbstractApplicationContext.destroyBeans(AbstractApplicationContext.java:1030)
	at org.springframework.context.support.AbstractApplicationContext.doClose(AbstractApplicationContext.java:1006)
	at org.springframework.context.support.AbstractApplicationContext$2.run(AbstractApplicationContext.java:929)
Unregistering JMX-exposed beans on shutdown
Unregistering JMX-exposed beans
Refreshing org.springframework.context.annotation.AnnotationConfigApplicationContext@68d279ec: startup date [Sun Nov 19 17:44:19 CST 2017]; root of context hierarchy
JSR-330 'javax.inject.Inject' annotation found and supported for autowiring
Bean 'configurationPropertiesRebinderAutoConfiguration' of type [org.springframework.cloud.autoconfigure.ConfigurationPropertiesRebinderAutoConfiguration$$EnhancerBySpringCGLIB$$11a6779] is not eligible for getting processed by all BeanPostProcessors (for example: not eligible for auto-proxying)
HV000001: Hibernate Validator 5.3.5.Final
No active profile set, falling back to default profiles: default
Refreshing org.springframework.boot.context.embedded.AnnotationConfigEmbeddedWebApplicationContext@71178a52: startup date [Sun Nov 19 17:44:19 CST 2017]; parent: org.springframework.context.annotation.AnnotationConfigApplicationContext@68d279ec
Cannot enhance @Configuration bean definition 'refreshScope' since its singleton instance has been created too early. The typical cause is a non-static @Bean method with a BeanDefinitionRegistryPostProcessor return type: Consider declaring such methods as 'static'.
BeanFactory id=f03e22e4-23ca-3405-90b1-5c75f13d52bd
JSR-330 'javax.inject.Inject' annotation found and supported for autowiring
Bean 'org.springframework.cloud.autoconfigure.ConfigurationPropertiesRebinderAutoConfiguration' of type [org.springframework.cloud.autoconfigure.ConfigurationPropertiesRebinderAutoConfiguration$$EnhancerBySpringCGLIB$$11a6779] is not eligible for getting processed by all BeanPostProcessors (for example: not eligible for auto-proxying)
Bean 'org.springframework.security.config.annotation.configuration.ObjectPostProcessorConfiguration' of type [org.springframework.security.config.annotation.configuration.ObjectPostProcessorConfiguration$$EnhancerBySpringCGLIB$$7dae2cb6] is not eligible for getting processed by all BeanPostProcessors (for example: not eligible for auto-proxying)
Bean 'objectPostProcessor' of type [org.springframework.security.config.annotation.configuration.AutowireBeanFactoryObjectPostProcessor] is not eligible for getting processed by all BeanPostProcessors (for example: not eligible for auto-proxying)
Bean 'org.springframework.security.access.expression.method.DefaultMethodSecurityExpressionHandler@76ad6715' of type [org.springframework.security.access.expression.method.DefaultMethodSecurityExpressionHandler] is not eligible for getting processed by all BeanPostProcessors (for example: not eligible for auto-proxying)
Bean 'org.springframework.security.config.annotation.method.configuration.GlobalMethodSecurityConfiguration' of type [org.springframework.security.config.annotation.method.configuration.GlobalMethodSecurityConfiguration$$EnhancerBySpringCGLIB$$a282cf68] is not eligible for getting processed by all BeanPostProcessors (for example: not eligible for auto-proxying)
Bean 'methodSecurityMetadataSource' of type [org.springframework.security.access.method.DelegatingMethodSecurityMetadataSource] is not eligible for getting processed by all BeanPostProcessors (for example: not eligible for auto-proxying)
Tomcat initialized with port(s): 8088 (http)
Starting service [Tomcat]
Starting Servlet Engine: Apache Tomcat/8.5.16
Initializing Spring embedded WebApplicationContext
Root WebApplicationContext: initialization completed in 1293 ms
Mapping filter: 'characterEncodingFilter' to: [/*]
Mapping filter: 'springSecurityFilterChain' to: [/*]
Mapping servlet: 'dispatcherServlet' to [/]
Mapped "{[/main]}" onto public org.springframework.web.servlet.ModelAndView com.scbrl.controller.IndexController.main(javax.servlet.http.HttpServletRequest)
Mapped "{[/message]}" onto public org.springframework.web.servlet.ModelAndView com.scbrl.controller.IndexController.message()
Mapped "{[/logout]}" onto public org.springframework.web.servlet.ModelAndView com.scbrl.controller.IndexController.loginOut(javax.servlet.http.HttpServletRequest)
Mapped "{[/login]}" onto public org.springframework.web.servlet.ModelAndView com.scbrl.controller.IndexController.login(javax.servlet.http.HttpServletRequest)
Mapped "{[/home]}" onto public org.springframework.web.servlet.ModelAndView com.scbrl.controller.IndexController.home()
Mapped "{[/smsinfo]}" onto public org.springframework.web.servlet.ModelAndView com.scbrl.controller.IndexController.smsinfo()
Mapped "{[/identify]}" onto public org.springframework.web.servlet.ModelAndView com.scbrl.controller.IndexController.identify()
Mapped "{[/userinfo]}" onto public org.springframework.web.servlet.ModelAndView com.scbrl.controller.IndexController.userinfo()
Mapped "{[/]}" onto public org.springframework.web.servlet.ModelAndView com.scbrl.controller.TestController.index(javax.servlet.http.HttpServletRequest,javax.servlet.http.HttpServletResponse)
Mapped "{[/add]}" onto public org.springframework.web.servlet.ModelAndView com.scbrl.controller.TestController.add(javax.servlet.http.HttpServletRequest,javax.servlet.http.HttpServletResponse)
Mapped "{[/error]}" onto public org.springframework.http.ResponseEntity<java.util.Map<java.lang.String, java.lang.Object>> org.springframework.boot.autoconfigure.web.BasicErrorController.error(javax.servlet.http.HttpServletRequest)
Mapped "{[/error],produces=[text/html]}" onto public org.springframework.web.servlet.ModelAndView org.springframework.boot.autoconfigure.web.BasicErrorController.errorHtml(javax.servlet.http.HttpServletRequest,javax.servlet.http.HttpServletResponse)
Mapped URL path [/static/**] onto handler of type [class org.springframework.web.servlet.resource.ResourceHttpRequestHandler]
Looking for @ControllerAdvice: org.springframework.boot.context.embedded.AnnotationConfigEmbeddedWebApplicationContext@71178a52: startup date [Sun Nov 19 17:44:19 CST 2017]; parent: org.springframework.context.annotation.AnnotationConfigApplicationContext@68d279ec
Creating filter chain: Ant [pattern='/static/**'], []
Creating filter chain: Ant [pattern='/templates/**'], []
Creating filter chain: Ant [pattern='/loginOut'], []
Creating filter chain: Ant [pattern='/'], []
Creating filter chain: org.springframework.security.web.util.matcher.AnyRequestMatcher@1, [org.springframework.security.web.context.request.async.WebAsyncManagerIntegrationFilter@2a8b33ba, org.springframework.security.web.context.SecurityContextPersistenceFilter@160b4809, org.springframework.security.web.header.HeaderWriterFilter@40c06358, org.springframework.security.web.authentication.logout.LogoutFilter@251c4280, org.springframework.security.web.authentication.UsernamePasswordAuthenticationFilter@3f9b7fe1, org.springframework.security.web.session.ConcurrentSessionFilter@52ca2652, org.springframework.security.web.savedrequest.RequestCacheAwareFilter@664e848c, org.springframework.security.web.servletapi.SecurityContextHolderAwareRequestFilter@7da635c0, org.springframework.security.web.authentication.AnonymousAuthenticationFilter@4e8b357d, org.springframework.security.web.session.SessionManagementFilter@7f73ce28, org.springframework.security.web.access.ExceptionTranslationFilter@bb25753, org.springframework.security.web.access.intercept.FilterSecurityInterceptor@796d33eb]
ClassTemplateLoader for Spring macros added to FreeMarker configuration
No URLs will be polled as dynamic configuration sources.
To enable URLs as dynamic configuration sources, define System property archaius.configurationSource.additionalUrls or make config.properties available on classpath.
No URLs will be polled as dynamic configuration sources.
To enable URLs as dynamic configuration sources, define System property archaius.configurationSource.additionalUrls or make config.properties available on classpath.
Registering beans for JMX exposure on startup
Bean with name 'refreshScope' has been autodetected for JMX exposure
Bean with name 'environmentManager' has been autodetected for JMX exposure
Bean with name 'configurationPropertiesRebinder' has been autodetected for JMX exposure
Located managed bean 'environmentManager': registering with JMX server as MBean [org.springframework.cloud.context.environment:name=environmentManager,type=EnvironmentManager]
Located managed bean 'refreshScope': registering with JMX server as MBean [org.springframework.cloud.context.scope.refresh:name=refreshScope,type=RefreshScope]
Located managed bean 'configurationPropertiesRebinder': registering with JMX server as MBean [org.springframework.cloud.context.properties:name=configurationPropertiesRebinder,context=71178a52,type=ConfigurationPropertiesRebinder]
Starting beans in phase 0
Setting initial instance status as: STARTING
Using JSON encoding codec LegacyJacksonJson
Using JSON decoding codec LegacyJacksonJson
Using XML encoding codec XStreamXml
Using XML decoding codec XStreamXml
Resolving eureka endpoints via configuration
Disable delta property : false
Single vip registry refresh property : null
Force full registry fetch : false
Application is null : false
Registered Applications size is zero : true
Application version is -1: true
Getting all instance registry info from the eureka server
The response status is 200
Starting heartbeat executor: renew interval is: 30
InstanceInfoReplicator onDemand update allowed rate per min is 4
Discovery Client initialized at timestamp 1511084664251 with initial instances count: 3
Registering application scweb-service with eureka with status UP
Saw local status change event StatusChangeEvent [timestamp=1511084664292, current=UP, previous=STARTING]
DiscoveryClient_SCWEB-SERVICE/192.168.11.114:scweb-service:8088: registering service...
Initializing ProtocolHandler ["http-nio-8088"]
Starting ProtocolHandler ["http-nio-8088"]
DiscoveryClient_SCWEB-SERVICE/192.168.11.114:scweb-service:8088 - registration status: 204
Using a shared selector for servlet write/read
Tomcat started on port(s): 8088 (http)
Updating port to 8088
Started ScbrlWebApplication in 5.856 seconds (JVM running for 6.355)
[------------------- >>> SpringBootApplication Main Start In ScbrlApplication <<< -------------------]
A cookie header was received [1506871140,1507536467,1507598270; JSESSIONID=E9AC8B2FEC0FAD3CCB4873397753DF76] that contained an invalid cookie. That cookie will be ignored.Note: further occurrences of this error will be logged at DEBUG level.
Initializing Spring FrameworkServlet 'dispatcherServlet'
FrameworkServlet 'dispatcherServlet': initialization started
FrameworkServlet 'dispatcherServlet': initialization completed in 18 ms
Closing org.springframework.boot.context.embedded.AnnotationConfigEmbeddedWebApplicationContext@71178a52: startup date [Sun Nov 19 17:44:19 CST 2017]; parent: org.springframework.context.annotation.AnnotationConfigApplicationContext@68d279ec
Unregistering application scweb-service with eureka with status DOWN
Saw local status change event StatusChangeEvent [timestamp=1511084747766, current=DOWN, previous=UP]
DiscoveryClient_SCWEB-SERVICE/192.168.11.114:scweb-service:8088: registering service...
Shutting down DiscoveryClient ...
Unregistering ...
DiscoveryClient_SCWEB-SERVICE/192.168.11.114:scweb-service:8088 - deregister  status: 200
DiscoveryClient_SCWEB-SERVICE/192.168.11.114:scweb-service:8088 - registration status: 204
Completed shut down of DiscoveryClient
Stopping beans in phase 0
Unregistering JMX-exposed beans on shutdown
Unregistering JMX-exposed beans
Refreshing org.springframework.context.annotation.AnnotationConfigApplicationContext@68d279ec: startup date [Sun Nov 19 17:46:07 CST 2017]; root of context hierarchy
HV000001: Hibernate Validator 5.3.5.Final
JSR-330 'javax.inject.Inject' annotation found and supported for autowiring
Bean 'configurationPropertiesRebinderAutoConfiguration' of type [org.springframework.cloud.autoconfigure.ConfigurationPropertiesRebinderAutoConfiguration$$EnhancerBySpringCGLIB$$eb2f8bfe] is not eligible for getting processed by all BeanPostProcessors (for example: not eligible for auto-proxying)
No active profile set, falling back to default profiles: default
Refreshing org.springframework.boot.context.embedded.AnnotationConfigEmbeddedWebApplicationContext@3068b369: startup date [Sun Nov 19 17:46:08 CST 2017]; parent: org.springframework.context.annotation.AnnotationConfigApplicationContext@68d279ec
Cannot enhance @Configuration bean definition 'refreshScope' since its singleton instance has been created too early. The typical cause is a non-static @Bean method with a BeanDefinitionRegistryPostProcessor return type: Consider declaring such methods as 'static'.
BeanFactory id=f03e22e4-23ca-3405-90b1-5c75f13d52bd
JSR-330 'javax.inject.Inject' annotation found and supported for autowiring
Bean 'org.springframework.cloud.autoconfigure.ConfigurationPropertiesRebinderAutoConfiguration' of type [org.springframework.cloud.autoconfigure.ConfigurationPropertiesRebinderAutoConfiguration$$EnhancerBySpringCGLIB$$eb2f8bfe] is not eligible for getting processed by all BeanPostProcessors (for example: not eligible for auto-proxying)
Bean 'org.springframework.security.config.annotation.configuration.ObjectPostProcessorConfiguration' of type [org.springframework.security.config.annotation.configuration.ObjectPostProcessorConfiguration$$EnhancerBySpringCGLIB$$67c3513b] is not eligible for getting processed by all BeanPostProcessors (for example: not eligible for auto-proxying)
Bean 'objectPostProcessor' of type [org.springframework.security.config.annotation.configuration.AutowireBeanFactoryObjectPostProcessor] is not eligible for getting processed by all BeanPostProcessors (for example: not eligible for auto-proxying)
Bean 'org.springframework.security.access.expression.method.DefaultMethodSecurityExpressionHandler@68d7a2df' of type [org.springframework.security.access.expression.method.DefaultMethodSecurityExpressionHandler] is not eligible for getting processed by all BeanPostProcessors (for example: not eligible for auto-proxying)
Bean 'org.springframework.security.config.annotation.method.configuration.GlobalMethodSecurityConfiguration' of type [org.springframework.security.config.annotation.method.configuration.GlobalMethodSecurityConfiguration$$EnhancerBySpringCGLIB$$8c97f3ed] is not eligible for getting processed by all BeanPostProcessors (for example: not eligible for auto-proxying)
Bean 'methodSecurityMetadataSource' of type [org.springframework.security.access.method.DelegatingMethodSecurityMetadataSource] is not eligible for getting processed by all BeanPostProcessors (for example: not eligible for auto-proxying)
Tomcat initialized with port(s): 8088 (http)
Starting service [Tomcat]
Starting Servlet Engine: Apache Tomcat/8.5.16
Initializing Spring embedded WebApplicationContext
Root WebApplicationContext: initialization completed in 1266 ms
Mapping filter: 'characterEncodingFilter' to: [/*]
Mapping filter: 'springSecurityFilterChain' to: [/*]
Mapping servlet: 'dispatcherServlet' to [/]
Mapped "{[/main]}" onto public org.springframework.web.servlet.ModelAndView com.scbrl.controller.IndexController.main(javax.servlet.http.HttpServletRequest)
Mapped "{[/message]}" onto public org.springframework.web.servlet.ModelAndView com.scbrl.controller.IndexController.message()
Mapped "{[/userinfo]}" onto public org.springframework.web.servlet.ModelAndView com.scbrl.controller.IndexController.userinfo()
Mapped "{[/login]}" onto public org.springframework.web.servlet.ModelAndView com.scbrl.controller.IndexController.login(javax.servlet.http.HttpServletRequest)
Mapped "{[/logout]}" onto public org.springframework.web.servlet.ModelAndView com.scbrl.controller.IndexController.loginOut(javax.servlet.http.HttpServletRequest)
Mapped "{[/home]}" onto public org.springframework.web.servlet.ModelAndView com.scbrl.controller.IndexController.home()
Mapped "{[/smsinfo]}" onto public org.springframework.web.servlet.ModelAndView com.scbrl.controller.IndexController.smsinfo()
Mapped "{[/identify]}" onto public org.springframework.web.servlet.ModelAndView com.scbrl.controller.IndexController.identify()
Mapped "{[/]}" onto public org.springframework.web.servlet.ModelAndView com.scbrl.controller.TestController.index(javax.servlet.http.HttpServletRequest,javax.servlet.http.HttpServletResponse)
Mapped "{[/add]}" onto public org.springframework.web.servlet.ModelAndView com.scbrl.controller.TestController.add(javax.servlet.http.HttpServletRequest,javax.servlet.http.HttpServletResponse)
Mapped "{[/error]}" onto public org.springframework.http.ResponseEntity<java.util.Map<java.lang.String, java.lang.Object>> org.springframework.boot.autoconfigure.web.BasicErrorController.error(javax.servlet.http.HttpServletRequest)
Mapped "{[/error],produces=[text/html]}" onto public org.springframework.web.servlet.ModelAndView org.springframework.boot.autoconfigure.web.BasicErrorController.errorHtml(javax.servlet.http.HttpServletRequest,javax.servlet.http.HttpServletResponse)
Mapped URL path [/static/**] onto handler of type [class org.springframework.web.servlet.resource.ResourceHttpRequestHandler]
Looking for @ControllerAdvice: org.springframework.boot.context.embedded.AnnotationConfigEmbeddedWebApplicationContext@3068b369: startup date [Sun Nov 19 17:46:08 CST 2017]; parent: org.springframework.context.annotation.AnnotationConfigApplicationContext@68d279ec
Creating filter chain: Ant [pattern='/static/**'], []
Creating filter chain: Ant [pattern='/templates/**'], []
Creating filter chain: Ant [pattern='/loginOut'], []
Creating filter chain: Ant [pattern='/'], []
Creating filter chain: org.springframework.security.web.util.matcher.AnyRequestMatcher@1, [org.springframework.security.web.context.request.async.WebAsyncManagerIntegrationFilter@2c719bd4, org.springframework.security.web.context.SecurityContextPersistenceFilter@59a2388e, org.springframework.security.web.header.HeaderWriterFilter@3ece79fe, org.springframework.security.web.authentication.logout.LogoutFilter@47b33e07, org.springframework.security.web.authentication.UsernamePasswordAuthenticationFilter@62b3a2f6, org.springframework.security.web.session.ConcurrentSessionFilter@4872669f, org.springframework.security.web.savedrequest.RequestCacheAwareFilter@3dc40ab9, org.springframework.security.web.servletapi.SecurityContextHolderAwareRequestFilter@4aeb0e2b, org.springframework.security.web.authentication.AnonymousAuthenticationFilter@53aa38be, org.springframework.security.web.session.SessionManagementFilter@1e01b133, org.springframework.security.web.access.ExceptionTranslationFilter@3d53e6f7, org.springframework.security.web.access.intercept.FilterSecurityInterceptor@6f25bf88]
ClassTemplateLoader for Spring macros added to FreeMarker configuration
No URLs will be polled as dynamic configuration sources.
To enable URLs as dynamic configuration sources, define System property archaius.configurationSource.additionalUrls or make config.properties available on classpath.
No URLs will be polled as dynamic configuration sources.
To enable URLs as dynamic configuration sources, define System property archaius.configurationSource.additionalUrls or make config.properties available on classpath.
Registering beans for JMX exposure on startup
Bean with name 'refreshScope' has been autodetected for JMX exposure
Bean with name 'environmentManager' has been autodetected for JMX exposure
Bean with name 'configurationPropertiesRebinder' has been autodetected for JMX exposure
Located managed bean 'environmentManager': registering with JMX server as MBean [org.springframework.cloud.context.environment:name=environmentManager,type=EnvironmentManager]
Located managed bean 'refreshScope': registering with JMX server as MBean [org.springframework.cloud.context.scope.refresh:name=refreshScope,type=RefreshScope]
Located managed bean 'configurationPropertiesRebinder': registering with JMX server as MBean [org.springframework.cloud.context.properties:name=configurationPropertiesRebinder,context=3068b369,type=ConfigurationPropertiesRebinder]
Starting beans in phase 0
Setting initial instance status as: STARTING
Using JSON encoding codec LegacyJacksonJson
Using JSON decoding codec LegacyJacksonJson
Using XML encoding codec XStreamXml
Using XML decoding codec XStreamXml
Resolving eureka endpoints via configuration
Disable delta property : false
Single vip registry refresh property : null
Force full registry fetch : false
Application is null : false
Registered Applications size is zero : true
Application version is -1: true
Getting all instance registry info from the eureka server
The response status is 200
Starting heartbeat executor: renew interval is: 30
InstanceInfoReplicator onDemand update allowed rate per min is 4
Discovery Client initialized at timestamp 1511084772409 with initial instances count: 3
Registering application scweb-service with eureka with status UP
Saw local status change event StatusChangeEvent [timestamp=1511084772463, current=UP, previous=STARTING]
DiscoveryClient_SCWEB-SERVICE/192.168.11.114:scweb-service:8088: registering service...
Initializing ProtocolHandler ["http-nio-8088"]
DiscoveryClient_SCWEB-SERVICE/192.168.11.114:scweb-service:8088 - registration status: 204
Starting ProtocolHandler ["http-nio-8088"]
Using a shared selector for servlet write/read
Tomcat started on port(s): 8088 (http)
Updating port to 8088
Started ScbrlWebApplication in 5.818 seconds (JVM running for 6.321)
[------------------- >>> SpringBootApplication Main Start In ScbrlApplication <<< -------------------]
A cookie header was received [1506871140,1507536467,1507598270; JSESSIONID=E9AC8B2FEC0FAD3CCB4873397753DF76; token=0700E9BB-47F2-4C00-9AF7-B066849206BC] that contained an invalid cookie. That cookie will be ignored.Note: further occurrences of this error will be logged at DEBUG level.
Initializing Spring FrameworkServlet 'dispatcherServlet'
FrameworkServlet 'dispatcherServlet': initialization started
FrameworkServlet 'dispatcherServlet': initialization completed in 17 ms
Closing org.springframework.boot.context.embedded.AnnotationConfigEmbeddedWebApplicationContext@3068b369: startup date [Sun Nov 19 17:46:08 CST 2017]; parent: org.springframework.context.annotation.AnnotationConfigApplicationContext@68d279ec
Unregistering application scweb-service with eureka with status DOWN
Saw local status change event StatusChangeEvent [timestamp=1511084806160, current=DOWN, previous=UP]
DiscoveryClient_SCWEB-SERVICE/192.168.11.114:scweb-service:8088: registering service...
Shutting down DiscoveryClient ...
Unregistering ...
DiscoveryClient_SCWEB-SERVICE/192.168.11.114:scweb-service:8088 - deregister  status: 200
DiscoveryClient_SCWEB-SERVICE/192.168.11.114:scweb-service:8088 - registration status: 204
Completed shut down of DiscoveryClient
Stopping beans in phase 0
Unregistering JMX-exposed beans on shutdown
Unregistering JMX-exposed beans
Refreshing org.springframework.context.annotation.AnnotationConfigApplicationContext@68d279ec: startup date [Sun Nov 19 17:46:59 CST 2017]; root of context hierarchy
HV000001: Hibernate Validator 5.3.5.Final
JSR-330 'javax.inject.Inject' annotation found and supported for autowiring
Bean 'configurationPropertiesRebinderAutoConfiguration' of type [org.springframework.cloud.autoconfigure.ConfigurationPropertiesRebinderAutoConfiguration$$EnhancerBySpringCGLIB$$c38f032f] is not eligible for getting processed by all BeanPostProcessors (for example: not eligible for auto-proxying)
No active profile set, falling back to default profiles: default
Refreshing org.springframework.boot.context.embedded.AnnotationConfigEmbeddedWebApplicationContext@5226e402: startup date [Sun Nov 19 17:47:00 CST 2017]; parent: org.springframework.context.annotation.AnnotationConfigApplicationContext@68d279ec
Cannot enhance @Configuration bean definition 'refreshScope' since its singleton instance has been created too early. The typical cause is a non-static @Bean method with a BeanDefinitionRegistryPostProcessor return type: Consider declaring such methods as 'static'.
BeanFactory id=f03e22e4-23ca-3405-90b1-5c75f13d52bd
JSR-330 'javax.inject.Inject' annotation found and supported for autowiring
Bean 'org.springframework.cloud.autoconfigure.ConfigurationPropertiesRebinderAutoConfiguration' of type [org.springframework.cloud.autoconfigure.ConfigurationPropertiesRebinderAutoConfiguration$$EnhancerBySpringCGLIB$$c38f032f] is not eligible for getting processed by all BeanPostProcessors (for example: not eligible for auto-proxying)
Bean 'org.springframework.security.config.annotation.configuration.ObjectPostProcessorConfiguration' of type [org.springframework.security.config.annotation.configuration.ObjectPostProcessorConfiguration$$EnhancerBySpringCGLIB$$4022c86c] is not eligible for getting processed by all BeanPostProcessors (for example: not eligible for auto-proxying)
Bean 'objectPostProcessor' of type [org.springframework.security.config.annotation.configuration.AutowireBeanFactoryObjectPostProcessor] is not eligible for getting processed by all BeanPostProcessors (for example: not eligible for auto-proxying)
Bean 'org.springframework.security.access.expression.method.DefaultMethodSecurityExpressionHandler@671d1157' of type [org.springframework.security.access.expression.method.DefaultMethodSecurityExpressionHandler] is not eligible for getting processed by all BeanPostProcessors (for example: not eligible for auto-proxying)
Bean 'org.springframework.security.config.annotation.method.configuration.GlobalMethodSecurityConfiguration' of type [org.springframework.security.config.annotation.method.configuration.GlobalMethodSecurityConfiguration$$EnhancerBySpringCGLIB$$64f76b1e] is not eligible for getting processed by all BeanPostProcessors (for example: not eligible for auto-proxying)
Bean 'methodSecurityMetadataSource' of type [org.springframework.security.access.method.DelegatingMethodSecurityMetadataSource] is not eligible for getting processed by all BeanPostProcessors (for example: not eligible for auto-proxying)
Tomcat initialized with port(s): 8088 (http)
Starting service [Tomcat]
Starting Servlet Engine: Apache Tomcat/8.5.16
Initializing Spring embedded WebApplicationContext
Root WebApplicationContext: initialization completed in 1380 ms
Mapping filter: 'characterEncodingFilter' to: [/*]
Mapping filter: 'springSecurityFilterChain' to: [/*]
Mapping servlet: 'dispatcherServlet' to [/]
Mapped "{[/main]}" onto public org.springframework.web.servlet.ModelAndView com.scbrl.controller.IndexController.main(javax.servlet.http.HttpServletRequest)
Mapped "{[/message]}" onto public org.springframework.web.servlet.ModelAndView com.scbrl.controller.IndexController.message()
Mapped "{[/login]}" onto public org.springframework.web.servlet.ModelAndView com.scbrl.controller.IndexController.login(javax.servlet.http.HttpServletRequest)
Mapped "{[/home]}" onto public org.springframework.web.servlet.ModelAndView com.scbrl.controller.IndexController.home()
Mapped "{[/identify]}" onto public org.springframework.web.servlet.ModelAndView com.scbrl.controller.IndexController.identify()
Mapped "{[/smsinfo]}" onto public org.springframework.web.servlet.ModelAndView com.scbrl.controller.IndexController.smsinfo()
Mapped "{[/logout]}" onto public org.springframework.web.servlet.ModelAndView com.scbrl.controller.IndexController.loginOut(javax.servlet.http.HttpServletRequest)
Mapped "{[/userinfo]}" onto public org.springframework.web.servlet.ModelAndView com.scbrl.controller.IndexController.userinfo()
Mapped "{[/]}" onto public org.springframework.web.servlet.ModelAndView com.scbrl.controller.TestController.index(javax.servlet.http.HttpServletRequest,javax.servlet.http.HttpServletResponse)
Mapped "{[/add]}" onto public org.springframework.web.servlet.ModelAndView com.scbrl.controller.TestController.add(javax.servlet.http.HttpServletRequest,javax.servlet.http.HttpServletResponse)
Mapped "{[/error]}" onto public org.springframework.http.ResponseEntity<java.util.Map<java.lang.String, java.lang.Object>> org.springframework.boot.autoconfigure.web.BasicErrorController.error(javax.servlet.http.HttpServletRequest)
Mapped "{[/error],produces=[text/html]}" onto public org.springframework.web.servlet.ModelAndView org.springframework.boot.autoconfigure.web.BasicErrorController.errorHtml(javax.servlet.http.HttpServletRequest,javax.servlet.http.HttpServletResponse)
Mapped URL path [/static/**] onto handler of type [class org.springframework.web.servlet.resource.ResourceHttpRequestHandler]
Looking for @ControllerAdvice: org.springframework.boot.context.embedded.AnnotationConfigEmbeddedWebApplicationContext@5226e402: startup date [Sun Nov 19 17:47:00 CST 2017]; parent: org.springframework.context.annotation.AnnotationConfigApplicationContext@68d279ec
Creating filter chain: Ant [pattern='/static/**'], []
Creating filter chain: Ant [pattern='/templates/**'], []
Creating filter chain: Ant [pattern='/loginOut'], []
Creating filter chain: Ant [pattern='/'], []
Creating filter chain: org.springframework.security.web.util.matcher.AnyRequestMatcher@1, [org.springframework.security.web.context.request.async.WebAsyncManagerIntegrationFilter@5c059a68, org.springframework.security.web.context.SecurityContextPersistenceFilter@4d93f75b, org.springframework.security.web.header.HeaderWriterFilter@611b35d6, org.springframework.security.web.authentication.logout.LogoutFilter@182e7eda, org.springframework.security.web.authentication.UsernamePasswordAuthenticationFilter@6e02721d, org.springframework.security.web.session.ConcurrentSessionFilter@5d05f453, org.springframework.security.web.savedrequest.RequestCacheAwareFilter@4f281aaf, org.springframework.security.web.servletapi.SecurityContextHolderAwareRequestFilter@35650279, org.springframework.security.web.authentication.AnonymousAuthenticationFilter@21ea996f, org.springframework.security.web.session.SessionManagementFilter@543d5863, org.springframework.security.web.access.ExceptionTranslationFilter@66e21568, org.springframework.security.web.access.intercept.FilterSecurityInterceptor@1d4f5506]
ClassTemplateLoader for Spring macros added to FreeMarker configuration
No URLs will be polled as dynamic configuration sources.
To enable URLs as dynamic configuration sources, define System property archaius.configurationSource.additionalUrls or make config.properties available on classpath.
No URLs will be polled as dynamic configuration sources.
To enable URLs as dynamic configuration sources, define System property archaius.configurationSource.additionalUrls or make config.properties available on classpath.
Registering beans for JMX exposure on startup
Bean with name 'refreshScope' has been autodetected for JMX exposure
Bean with name 'environmentManager' has been autodetected for JMX exposure
Bean with name 'configurationPropertiesRebinder' has been autodetected for JMX exposure
Located managed bean 'environmentManager': registering with JMX server as MBean [org.springframework.cloud.context.environment:name=environmentManager,type=EnvironmentManager]
Located managed bean 'refreshScope': registering with JMX server as MBean [org.springframework.cloud.context.scope.refresh:name=refreshScope,type=RefreshScope]
Located managed bean 'configurationPropertiesRebinder': registering with JMX server as MBean [org.springframework.cloud.context.properties:name=configurationPropertiesRebinder,context=5226e402,type=ConfigurationPropertiesRebinder]
Starting beans in phase 0
Setting initial instance status as: STARTING
Using JSON encoding codec LegacyJacksonJson
Using JSON decoding codec LegacyJacksonJson
Using XML encoding codec XStreamXml
Using XML decoding codec XStreamXml
Resolving eureka endpoints via configuration
Disable delta property : false
Single vip registry refresh property : null
Force full registry fetch : false
Application is null : false
Registered Applications size is zero : true
Application version is -1: true
Getting all instance registry info from the eureka server
The response status is 200
Starting heartbeat executor: renew interval is: 30
InstanceInfoReplicator onDemand update allowed rate per min is 4
Discovery Client initialized at timestamp 1511084824568 with initial instances count: 3
Registering application scweb-service with eureka with status UP
Saw local status change event StatusChangeEvent [timestamp=1511084824611, current=UP, previous=STARTING]
DiscoveryClient_SCWEB-SERVICE/192.168.11.114:scweb-service:8088: registering service...
Initializing ProtocolHandler ["http-nio-8088"]
Starting ProtocolHandler ["http-nio-8088"]
DiscoveryClient_SCWEB-SERVICE/192.168.11.114:scweb-service:8088 - registration status: 204
Using a shared selector for servlet write/read
Tomcat started on port(s): 8088 (http)
Updating port to 8088
Started ScbrlWebApplication in 6.023 seconds (JVM running for 6.474)
[------------------- >>> SpringBootApplication Main Start In ScbrlApplication <<< -------------------]
A cookie header was received [1506871140,1507536467,1507598270; JSESSIONID=E9AC8B2FEC0FAD3CCB4873397753DF76; token=0700E9BB-47F2-4C00-9AF7-B066849206BC] that contained an invalid cookie. That cookie will be ignored.Note: further occurrences of this error will be logged at DEBUG level.
Initializing Spring FrameworkServlet 'dispatcherServlet'
FrameworkServlet 'dispatcherServlet': initialization started
FrameworkServlet 'dispatcherServlet': initialization completed in 18 ms
Closing org.springframework.boot.context.embedded.AnnotationConfigEmbeddedWebApplicationContext@5226e402: startup date [Sun Nov 19 17:47:00 CST 2017]; parent: org.springframework.context.annotation.AnnotationConfigApplicationContext@68d279ec
Unregistering application scweb-service with eureka with status DOWN
Saw local status change event StatusChangeEvent [timestamp=1511084870282, current=DOWN, previous=UP]
DiscoveryClient_SCWEB-SERVICE/192.168.11.114:scweb-service:8088: registering service...
Shutting down DiscoveryClient ...
Unregistering ...
DiscoveryClient_SCWEB-SERVICE/192.168.11.114:scweb-service:8088 - deregister  status: 200
DiscoveryClient_SCWEB-SERVICE/192.168.11.114:scweb-service:8088 - registration status: 204
Completed shut down of DiscoveryClient
Stopping beans in phase 0
Unregistering JMX-exposed beans on shutdown
Unregistering JMX-exposed beans
Refreshing org.springframework.context.annotation.AnnotationConfigApplicationContext@68d279ec: startup date [Sun Nov 19 17:48:03 CST 2017]; root of context hierarchy
JSR-330 'javax.inject.Inject' annotation found and supported for autowiring
Bean 'configurationPropertiesRebinderAutoConfiguration' of type [org.springframework.cloud.autoconfigure.ConfigurationPropertiesRebinderAutoConfiguration$$EnhancerBySpringCGLIB$$45b14773] is not eligible for getting processed by all BeanPostProcessors (for example: not eligible for auto-proxying)
HV000001: Hibernate Validator 5.3.5.Final
No active profile set, falling back to default profiles: default
Refreshing org.springframework.boot.context.embedded.AnnotationConfigEmbeddedWebApplicationContext@aa21042: startup date [Sun Nov 19 17:48:04 CST 2017]; parent: org.springframework.context.annotation.AnnotationConfigApplicationContext@68d279ec
Cannot enhance @Configuration bean definition 'refreshScope' since its singleton instance has been created too early. The typical cause is a non-static @Bean method with a BeanDefinitionRegistryPostProcessor return type: Consider declaring such methods as 'static'.
BeanFactory id=f03e22e4-23ca-3405-90b1-5c75f13d52bd
JSR-330 'javax.inject.Inject' annotation found and supported for autowiring
Bean 'org.springframework.cloud.autoconfigure.ConfigurationPropertiesRebinderAutoConfiguration' of type [org.springframework.cloud.autoconfigure.ConfigurationPropertiesRebinderAutoConfiguration$$EnhancerBySpringCGLIB$$45b14773] is not eligible for getting processed by all BeanPostProcessors (for example: not eligible for auto-proxying)
Bean 'org.springframework.security.config.annotation.configuration.ObjectPostProcessorConfiguration' of type [org.springframework.security.config.annotation.configuration.ObjectPostProcessorConfiguration$$EnhancerBySpringCGLIB$$c2450cb0] is not eligible for getting processed by all BeanPostProcessors (for example: not eligible for auto-proxying)
Bean 'objectPostProcessor' of type [org.springframework.security.config.annotation.configuration.AutowireBeanFactoryObjectPostProcessor] is not eligible for getting processed by all BeanPostProcessors (for example: not eligible for auto-proxying)
Bean 'org.springframework.security.access.expression.method.DefaultMethodSecurityExpressionHandler@7a729f84' of type [org.springframework.security.access.expression.method.DefaultMethodSecurityExpressionHandler] is not eligible for getting processed by all BeanPostProcessors (for example: not eligible for auto-proxying)
Bean 'org.springframework.security.config.annotation.method.configuration.GlobalMethodSecurityConfiguration' of type [org.springframework.security.config.annotation.method.configuration.GlobalMethodSecurityConfiguration$$EnhancerBySpringCGLIB$$e719af62] is not eligible for getting processed by all BeanPostProcessors (for example: not eligible for auto-proxying)
Bean 'methodSecurityMetadataSource' of type [org.springframework.security.access.method.DelegatingMethodSecurityMetadataSource] is not eligible for getting processed by all BeanPostProcessors (for example: not eligible for auto-proxying)
Tomcat initialized with port(s): 8088 (http)
Starting service [Tomcat]
Starting Servlet Engine: Apache Tomcat/8.5.16
Initializing Spring embedded WebApplicationContext
Root WebApplicationContext: initialization completed in 1302 ms
Mapping filter: 'characterEncodingFilter' to: [/*]
Mapping filter: 'springSecurityFilterChain' to: [/*]
Mapping servlet: 'dispatcherServlet' to [/]
Mapped "{[/main]}" onto public org.springframework.web.servlet.ModelAndView com.scbrl.controller.IndexController.main(javax.servlet.http.HttpServletRequest)
Mapped "{[/message]}" onto public org.springframework.web.servlet.ModelAndView com.scbrl.controller.IndexController.message()
Mapped "{[/logout]}" onto public org.springframework.web.servlet.ModelAndView com.scbrl.controller.IndexController.loginOut(javax.servlet.http.HttpServletRequest)
Mapped "{[/identify]}" onto public org.springframework.web.servlet.ModelAndView com.scbrl.controller.IndexController.identify()
Mapped "{[/smsinfo]}" onto public org.springframework.web.servlet.ModelAndView com.scbrl.controller.IndexController.smsinfo()
Mapped "{[/home]}" onto public org.springframework.web.servlet.ModelAndView com.scbrl.controller.IndexController.home()
Mapped "{[/login]}" onto public org.springframework.web.servlet.ModelAndView com.scbrl.controller.IndexController.login(javax.servlet.http.HttpServletRequest)
Mapped "{[/userinfo]}" onto public org.springframework.web.servlet.ModelAndView com.scbrl.controller.IndexController.userinfo()
Mapped "{[/]}" onto public org.springframework.web.servlet.ModelAndView com.scbrl.controller.TestController.index(javax.servlet.http.HttpServletRequest,javax.servlet.http.HttpServletResponse)
Mapped "{[/add]}" onto public org.springframework.web.servlet.ModelAndView com.scbrl.controller.TestController.add(javax.servlet.http.HttpServletRequest,javax.servlet.http.HttpServletResponse)
Mapped "{[/error]}" onto public org.springframework.http.ResponseEntity<java.util.Map<java.lang.String, java.lang.Object>> org.springframework.boot.autoconfigure.web.BasicErrorController.error(javax.servlet.http.HttpServletRequest)
Mapped "{[/error],produces=[text/html]}" onto public org.springframework.web.servlet.ModelAndView org.springframework.boot.autoconfigure.web.BasicErrorController.errorHtml(javax.servlet.http.HttpServletRequest,javax.servlet.http.HttpServletResponse)
Mapped URL path [/static/**] onto handler of type [class org.springframework.web.servlet.resource.ResourceHttpRequestHandler]
Looking for @ControllerAdvice: org.springframework.boot.context.embedded.AnnotationConfigEmbeddedWebApplicationContext@aa21042: startup date [Sun Nov 19 17:48:04 CST 2017]; parent: org.springframework.context.annotation.AnnotationConfigApplicationContext@68d279ec
Creating filter chain: Ant [pattern='/static/**'], []
Creating filter chain: Ant [pattern='/templates/**'], []
Creating filter chain: Ant [pattern='/loginOut'], []
Creating filter chain: Ant [pattern='/'], []
Creating filter chain: org.springframework.security.web.util.matcher.AnyRequestMatcher@1, [org.springframework.security.web.context.request.async.WebAsyncManagerIntegrationFilter@7e87ef9e, org.springframework.security.web.context.SecurityContextPersistenceFilter@3e33b52e, org.springframework.security.web.header.HeaderWriterFilter@7698b7a4, org.springframework.security.web.authentication.logout.LogoutFilter@61a2aeb7, org.springframework.security.web.authentication.UsernamePasswordAuthenticationFilter@7730ef88, org.springframework.security.web.session.ConcurrentSessionFilter@4130a648, org.springframework.security.web.savedrequest.RequestCacheAwareFilter@3aed69dd, org.springframework.security.web.servletapi.SecurityContextHolderAwareRequestFilter@7a682d35, org.springframework.security.web.authentication.AnonymousAuthenticationFilter@e3b0369, org.springframework.security.web.session.SessionManagementFilter@28157173, org.springframework.security.web.access.ExceptionTranslationFilter@21de60a7, org.springframework.security.web.access.intercept.FilterSecurityInterceptor@64bebd55]
ClassTemplateLoader for Spring macros added to FreeMarker configuration
No URLs will be polled as dynamic configuration sources.
To enable URLs as dynamic configuration sources, define System property archaius.configurationSource.additionalUrls or make config.properties available on classpath.
No URLs will be polled as dynamic configuration sources.
To enable URLs as dynamic configuration sources, define System property archaius.configurationSource.additionalUrls or make config.properties available on classpath.
Registering beans for JMX exposure on startup
Bean with name 'refreshScope' has been autodetected for JMX exposure
Bean with name 'environmentManager' has been autodetected for JMX exposure
Bean with name 'configurationPropertiesRebinder' has been autodetected for JMX exposure
Located managed bean 'environmentManager': registering with JMX server as MBean [org.springframework.cloud.context.environment:name=environmentManager,type=EnvironmentManager]
Located managed bean 'refreshScope': registering with JMX server as MBean [org.springframework.cloud.context.scope.refresh:name=refreshScope,type=RefreshScope]
Located managed bean 'configurationPropertiesRebinder': registering with JMX server as MBean [org.springframework.cloud.context.properties:name=configurationPropertiesRebinder,context=aa21042,type=ConfigurationPropertiesRebinder]
Starting beans in phase 0
Setting initial instance status as: STARTING
Using JSON encoding codec LegacyJacksonJson
Using JSON decoding codec LegacyJacksonJson
Using XML encoding codec XStreamXml
Using XML decoding codec XStreamXml
Resolving eureka endpoints via configuration
Disable delta property : false
Single vip registry refresh property : null
Force full registry fetch : false
Application is null : false
Registered Applications size is zero : true
Application version is -1: true
Getting all instance registry info from the eureka server
The response status is 200
Starting heartbeat executor: renew interval is: 30
InstanceInfoReplicator onDemand update allowed rate per min is 4
Discovery Client initialized at timestamp 1511084889073 with initial instances count: 3
Registering application scweb-service with eureka with status UP
Saw local status change event StatusChangeEvent [timestamp=1511084889123, current=UP, previous=STARTING]
DiscoveryClient_SCWEB-SERVICE/192.168.11.114:scweb-service:8088: registering service...
Initializing ProtocolHandler ["http-nio-8088"]
Starting ProtocolHandler ["http-nio-8088"]
DiscoveryClient_SCWEB-SERVICE/192.168.11.114:scweb-service:8088 - registration status: 204
Using a shared selector for servlet write/read
Tomcat started on port(s): 8088 (http)
Updating port to 8088
Started ScbrlWebApplication in 5.854 seconds (JVM running for 6.351)
[------------------- >>> SpringBootApplication Main Start In ScbrlApplication <<< -------------------]
A cookie header was received [1506871140,1507536467,1507598270; JSESSIONID=E9AC8B2FEC0FAD3CCB4873397753DF76; token=0700E9BB-47F2-4C00-9AF7-B066849206BC] that contained an invalid cookie. That cookie will be ignored.Note: further occurrences of this error will be logged at DEBUG level.
Initializing Spring FrameworkServlet 'dispatcherServlet'
FrameworkServlet 'dispatcherServlet': initialization started
FrameworkServlet 'dispatcherServlet': initialization completed in 19 ms
Closing org.springframework.boot.context.embedded.AnnotationConfigEmbeddedWebApplicationContext@aa21042: startup date [Sun Nov 19 17:48:04 CST 2017]; parent: org.springframework.context.annotation.AnnotationConfigApplicationContext@68d279ec
Unregistering application scweb-service with eureka with status DOWN
Saw local status change event StatusChangeEvent [timestamp=1511084957331, current=DOWN, previous=UP]
DiscoveryClient_SCWEB-SERVICE/192.168.11.114:scweb-service:8088: registering service...
Shutting down DiscoveryClient ...
Unregistering ...
DiscoveryClient_SCWEB-SERVICE/192.168.11.114:scweb-service:8088 - registration status: 204
DiscoveryClient_SCWEB-SERVICE/192.168.11.114:scweb-service:8088 - deregister  status: 200
Completed shut down of DiscoveryClient
Stopping beans in phase 0
Unregistering JMX-exposed beans on shutdown
Unregistering JMX-exposed beans
